<?xml version="1.0" encoding="UTF-8"?>
<Site BuildName="(empty)"
	BuildStamp="20231205-1311-Experimental"
	Name="mars-server"
	Generator="ctest-3.22.5"
	CompilerName="/usr/bin/g++"
	CompilerVersion="11.4.0"
	OSName="Linux"
	Hostname="mars-server"
	OSRelease="5.4.0-150-generic"
	OSVersion="#167~18.04.1-Ubuntu SMP Wed May 24 00:51:42 UTC 2023"
	OSPlatform="x86_64"
	Is64Bits="1"
	VendorString="GenuineIntel"
	VendorID="Intel Corporation"
	FamilyID="6"
	ModelID="85"
	ProcessorCacheSize="22528"
	NumberOfLogicalCPU="64"
	NumberOfPhysicalCPU="32"
	TotalVirtualMemory="2047"
	TotalPhysicalMemory="64028"
	LogicalProcessorsPerPhysical="2"
	ProcessorClockFrequency="2800"
	>
	<Testing>
		<StartDateTime>Dec 05 21:11 CST</StartDateTime>
		<StartTestTime>1701781874</StartTestTime>
		<TestList/>
		<EndDateTime>Dec 05 21:11 CST</EndDateTime>
		<EndTestTime>1701781874</EndTestTime>
		<ElapsedMinutes>0</ElapsedMinutes>
	</Testing>
</Site>
